# Edit /usr/libexec/yppwupdate to disable
# logging to this file from yppasswdd.
# Log started on: Thu Dec 27 05:06:45 UTC 2018
NIS Map update started on Thu Dec 27 05:06:45 UTC 2018 for domain sa
Creating new /var/yp/passwd file from /var/yp/master.passwd...
Updating passwd.byname...
Pushed passwd.byname map.
Updating passwd.byuid...
Pushed passwd.byuid map.
Updating master.passwd.byname...
Pushed master.passwd.byname map.
Updating master.passwd.byuid...
Pushed master.passwd.byuid map.
Updating netid.byname...
Pushed netid.byname map.
Updating shadow.byname...
Pushed shadow.byname map.
Updating shadow.byuid...
Pushed shadow.byuid map.
NIS Map update completed.
NIS Map update started on Thu Dec 27 05:12:45 UTC 2018 for domain sa
Creating new /var/yp/passwd file from /var/yp/master.passwd...
Updating passwd.byname...
Pushed passwd.byname map.
Updating passwd.byuid...
Pushed passwd.byuid map.
Updating master.passwd.byname...
Pushed master.passwd.byname map.
Updating master.passwd.byuid...
Pushed master.passwd.byuid map.
Updating netid.byname...
Pushed netid.byname map.
Updating shadow.byname...
Pushed shadow.byname map.
Updating shadow.byuid...
Pushed shadow.byuid map.
NIS Map update completed.
NIS Map update started on Thu Dec 27 05:12:53 UTC 2018 for domain sa
Creating new /var/yp/passwd file from /var/yp/master.passwd...
Updating passwd.byname...
Pushed passwd.byname map.
Updating passwd.byuid...
Pushed passwd.byuid map.
Updating master.passwd.byname...
Pushed master.passwd.byname map.
Updating master.passwd.byuid...
Pushed master.passwd.byuid map.
Updating netid.byname...
Pushed netid.byname map.
Updating shadow.byname...
Pushed shadow.byname map.
Updating shadow.byuid...
Pushed shadow.byuid map.
NIS Map update completed.
NIS Map update started on Thu Dec 27 05:13:01 UTC 2018 for domain sa
Creating new /var/yp/passwd file from /var/yp/master.passwd...
Updating passwd.byname...
Pushed passwd.byname map.
Updating passwd.byuid...
Pushed passwd.byuid map.
Updating master.passwd.byname...
Pushed master.passwd.byname map.
Updating master.passwd.byuid...
Pushed master.passwd.byuid map.
Updating netid.byname...
Pushed netid.byname map.
Updating shadow.byname...
Pushed shadow.byname map.
Updating shadow.byuid...
Pushed shadow.byuid map.
NIS Map update completed.
NIS Map update started on Thu Dec 27 05:28:54 UTC 2018 for domain sa
Updating netgroup.byhost...
Pushed netgroup.byhost map.
Updating netgroup.byuser...
Pushed netgroup.byuser map.
Updating netgroup...
Pushed netgroup map.
Creating new /var/yp/passwd file from /var/yp/master.passwd...
Updating passwd.byname...
Pushed passwd.byname map.
Updating passwd.byuid...
Pushed passwd.byuid map.
Updating master.passwd.byname...
Pushed master.passwd.byname map.
Updating master.passwd.byuid...
Pushed master.passwd.byuid map.
Updating netid.byname...
Pushed netid.byname map.
Updating shadow.byname...
Pushed shadow.byname map.
Updating shadow.byuid...
Pushed shadow.byuid map.
NIS Map update completed.
NIS Map update started on Fri Jan  4 08:08:22 UTC 2019 for domain sa
Creating new /var/yp/passwd file from /var/yp/master.passwd...
Updating passwd.byname...
Pushed passwd.byname map.
Updating passwd.byuid...
yp_mkdb: duplicate key '2002' - skipping
Pushed passwd.byuid map.
Updating master.passwd.byname...
Pushed master.passwd.byname map.
Updating master.passwd.byuid...
yp_mkdb: duplicate key '2002' - skipping
Pushed master.passwd.byuid map.
Updating netid.byname...
Pushed netid.byname map.
Updating shadow.byname...
Pushed shadow.byname map.
Updating shadow.byuid...
yp_mkdb: duplicate key '2002' - skipping
Pushed shadow.byuid map.
NIS Map update completed.
NIS Map update started on Fri Jan  4 08:11:10 UTC 2019 for domain sa
Creating new /var/yp/passwd file from /var/yp/master.passwd...
Updating passwd.byname...
Pushed passwd.byname map.
Updating passwd.byuid...
Pushed passwd.byuid map.
Updating master.passwd.byname...
Pushed master.passwd.byname map.
Updating master.passwd.byuid...
Pushed master.passwd.byuid map.
Updating netid.byname...
Pushed netid.byname map.
Updating shadow.byname...
Pushed shadow.byname map.
Updating shadow.byuid...
Pushed shadow.byuid map.
NIS Map update completed.
NIS Map update started on Fri Jan  4 08:27:17 UTC 2019 for domain sa
Creating new /var/yp/passwd file from /var/yp/master.passwd...
Updating passwd.byname...
Pushed passwd.byname map.
Updating passwd.byuid...
Pushed passwd.byuid map.
Updating master.passwd.byname...
Pushed master.passwd.byname map.
Updating master.passwd.byuid...
Pushed master.passwd.byuid map.
Updating netid.byname...
Pushed netid.byname map.
Updating shadow.byname...
Pushed shadow.byname map.
Updating shadow.byuid...
Pushed shadow.byuid map.
NIS Map update completed.
NIS Map update started on Fri Jan  4 08:29:07 UTC 2019 for domain sa
Creating new /var/yp/passwd file from /var/yp/master.passwd...
Updating passwd.byname...
yp_mkdb: duplicate key 'bo' - skipping
Pushed passwd.byname map.
Updating passwd.byuid...
Pushed passwd.byuid map.
Updating master.passwd.byname...
yp_mkdb: duplicate key 'bo' - skipping
Pushed master.passwd.byname map.
Updating master.passwd.byuid...
Pushed master.passwd.byuid map.
Updating netid.byname...
Pushed netid.byname map.
Updating shadow.byname...
yp_mkdb: duplicate key 'bo' - skipping
Pushed shadow.byname map.
Updating shadow.byuid...
Pushed shadow.byuid map.
NIS Map update completed.
NIS Map update started on Fri Jan  4 08:29:24 UTC 2019 for domain sa
Creating new /var/yp/passwd file from /var/yp/master.passwd...
Updating passwd.byname...
Pushed passwd.byname map.
Updating passwd.byuid...
Pushed passwd.byuid map.
Updating master.passwd.byname...
Pushed master.passwd.byname map.
Updating master.passwd.byuid...
Pushed master.passwd.byuid map.
Updating netid.byname...
Pushed netid.byname map.
Updating shadow.byname...
Pushed shadow.byname map.
Updating shadow.byuid...
Pushed shadow.byuid map.
NIS Map update completed.
NIS Map update started on Fri Jan  4 08:29:55 UTC 2019 for domain sa
Creating new /var/yp/passwd file from /var/yp/master.passwd...
Updating passwd.byname...
Pushed passwd.byname map.
Updating passwd.byuid...
Pushed passwd.byuid map.
Updating master.passwd.byname...
Pushed master.passwd.byname map.
Updating master.passwd.byuid...
Pushed master.passwd.byuid map.
Updating netid.byname...
Pushed netid.byname map.
Updating shadow.byname...
Pushed shadow.byname map.
Updating shadow.byuid...
Pushed shadow.byuid map.
NIS Map update completed.
NIS Map update started on Fri Jan  4 08:32:19 UTC 2019 for domain sa
Creating new /var/yp/passwd file from /var/yp/master.passwd...
Updating passwd.byname...
Pushed passwd.byname map.
Updating passwd.byuid...
Pushed passwd.byuid map.
Updating master.passwd.byname...
Pushed master.passwd.byname map.
Updating master.passwd.byuid...
Pushed master.passwd.byuid map.
Updating netid.byname...
Pushed netid.byname map.
Updating shadow.byname...
Pushed shadow.byname map.
Updating shadow.byuid...
Pushed shadow.byuid map.
NIS Map update completed.
NIS Map update started on Fri Jan  4 08:32:31 UTC 2019 for domain sa
Creating new /var/yp/passwd file from /var/yp/master.passwd...
Updating passwd.byname...
Pushed passwd.byname map.
Updating passwd.byuid...
Pushed passwd.byuid map.
Updating master.passwd.byname...
Pushed master.passwd.byname map.
Updating master.passwd.byuid...
Pushed master.passwd.byuid map.
Updating netid.byname...
Pushed netid.byname map.
Updating shadow.byname...
Pushed shadow.byname map.
Updating shadow.byuid...
Pushed shadow.byuid map.
NIS Map update completed.
NIS Map update started on Fri Jan  4 08:32:59 UTC 2019 for domain sa
Creating new /var/yp/passwd file from /var/yp/master.passwd...
Updating passwd.byname...
Pushed passwd.byname map.
Updating passwd.byuid...
Pushed passwd.byuid map.
Updating master.passwd.byname...
Pushed master.passwd.byname map.
Updating master.passwd.byuid...
Pushed master.passwd.byuid map.
Updating netid.byname...
Pushed netid.byname map.
Updating shadow.byname...
Pushed shadow.byname map.
Updating shadow.byuid...
Pushed shadow.byuid map.
NIS Map update completed.
NIS Map update started on Fri Jan  4 08:33:50 UTC 2019 for domain sa
Creating new /var/yp/passwd file from /var/yp/master.passwd...
Updating passwd.byname...
yp_mkdb: duplicate key 'bo' - skipping
Pushed passwd.byname map.
Updating passwd.byuid...
Pushed passwd.byuid map.
NIS Map update completed.
NIS Map update started on Fri Jan  4 08:49:02 UTC 2019 for domain sa
Creating new /var/yp/passwd file from /var/yp/master.passwd...
Updating passwd.byname...
yp_mkdb: duplicate key 'bo' - skipping
Pushed passwd.byname map.
Updating passwd.byuid...
Pushed passwd.byuid map.
Updating master.passwd.byname...
yp_mkdb: duplicate key 'bo' - skipping
Pushed master.passwd.byname map.
Updating master.passwd.byuid...
Pushed master.passwd.byuid map.
Updating netid.byname...
Pushed netid.byname map.
Updating shadow.byname...
yp_mkdb: duplicate key 'bo' - skipping
Pushed shadow.byname map.
Updating shadow.byuid...
Pushed shadow.byuid map.
NIS Map update completed.
NIS Map update started on Fri Jan  4 08:53:09 UTC 2019 for domain sa
Creating new /var/yp/passwd file from /var/yp/master.passwd...
Updating passwd.byname...
yp_mkdb: duplicate key 'bo' - skipping
Pushed passwd.byname map.
Updating passwd.byuid...
Pushed passwd.byuid map.
Updating master.passwd.byname...
yp_mkdb: duplicate key 'bo' - skipping
Pushed master.passwd.byname map.
NIS Map update completed.
NIS Map update started on Fri Jan  4 13:01:59 UTC 2019 for domain sa
Creating new /var/yp/passwd file from /var/yp/master.passwd...
Updating passwd.byname...
yp_mkdb: duplicate key 'bo' - skipping
yp_mkdb: duplicate key 'test' - skipping
NIS Map update started on Fri Jan  4 13:02:11 UTC 2019 for domain sa
Creating new /var/yp/passwd file from /var/yp/master.passwd...
Updating passwd.byname...
yp_mkdb: duplicate key 'bo' - skipping
yp_mkdb: duplicate key 'test' - skipping
yppush: transfer of map passwd.byname to server playground failed
yppush: status returned by ypxfr: NIS server/map database error
Pushed passwd.byname map.
Updating passwd.byuid...
yppush: transfer of map passwd.byname to server playground failed
yppush: status returned by ypxfr: NIS server/map database error
Pushed passwd.byname map.
Updating master.passwd.byname...
yp_mkdb: duplicate key 'bo' - skipping
yp_mkdb: duplicate key 'test' - skipping
yp_mkdb: duplicate key 'test' - skipping
Pushed passwd.byuid map.
Updating master.passwd.byuid...
Pushed master.passwd.byname map.
Updating netid.byname...
Pushed master.passwd.byuid map.
Updating shadow.byname...
Pushed netid.byname map.
Updating shadow.byuid...
Pushed shadow.byname map.
NIS Map update completed.
Pushed shadow.byuid map.
NIS Map update completed.
NIS Map update started on Fri Jan  4 13:11:43 UTC 2019 for domain sa
Creating new /var/yp/passwd file from /var/yp/master.passwd...
Updating passwd.byname...
Pushed passwd.byname map.
Updating passwd.byuid...
Pushed passwd.byuid map.
Updating master.passwd.byname...
Pushed master.passwd.byname map.
Updating master.passwd.byuid...
Pushed master.passwd.byuid map.
Updating netid.byname...
Pushed netid.byname map.
Updating shadow.byname...
Pushed shadow.byname map.
Updating shadow.byuid...
Pushed shadow.byuid map.
NIS Map update completed.
NIS Map update started on Fri Jan  4 13:19:05 UTC 2019 for domain sa
Creating new /var/yp/passwd file from /var/yp/master.passwd...
Updating passwd.byname...
Pushed passwd.byname map.
Updating passwd.byuid...
Pushed passwd.byuid map.
Updating master.passwd.byname...
Pushed master.passwd.byname map.
Updating master.passwd.byuid...
Pushed master.passwd.byuid map.
Updating netid.byname...
Pushed netid.byname map.
Updating shadow.byname...
Pushed shadow.byname map.
Updating shadow.byuid...
Pushed shadow.byuid map.
NIS Map update completed.
NIS Map update started on Fri Jan  4 13:52:22 UTC 2019 for domain sa
Creating new /var/yp/passwd file from /var/yp/master.passwd...
Updating passwd.byname...
Pushed passwd.byname map.
Updating passwd.byuid...
Pushed passwd.byuid map.
Updating master.passwd.byname...
